
*** Running vivado
    with args -log core.vds -m64 -product Vivado -mode batch -messageDb vivado.pb -notrace -source core.tcl


****** Vivado v2018.2 (64-bit)
  **** SW Build 2258646 on Thu Jun 14 20:03:12 MDT 2018
  **** IP Build 2256618 on Thu Jun 14 22:10:49 MDT 2018
    ** Copyright 1986-2018 Xilinx, Inc. All Rights Reserved.

source core.tcl -notrace
Command: synth_design -top core -part xc7a35tcpg236-1
Starting synth_design
Attempting to get a license for feature 'Synthesis' and/or device 'xc7a35t'
INFO: [Common 17-349] Got license for feature 'Synthesis' and/or device 'xc7a35t'
INFO: Launching helper process for spawning children vivado processes
INFO: Helper process launched with PID 16092 
---------------------------------------------------------------------------------
Starting RTL Elaboration : Time (s): cpu = 00:00:03 ; elapsed = 00:00:03 . Memory (MB): peak = 409.488 ; gain = 96.801
---------------------------------------------------------------------------------
INFO: [Synth 8-6157] synthesizing module 'core' [D:/VSD_FPGA_WORKSHOP/git_repo/VSD_FPGA_labs/design/Day_3/myth_core_test.v:67]
WARNING: [Synth 8-4446] all outputs are unconnected for this instance and logic may be removed [D:/VSD_FPGA_WORKSHOP/git_repo/VSD_FPGA_labs/design/Day_3/myth_core_test.v:146]
INFO: [Synth 8-6157] synthesizing module 'ila_0' [D:/VSD_FPGA_WORKSHOP/git_repo/VSD_FPGA_labs/project_files_vivado/project_myth_core_risc_v/project_myth_core_risc_v.runs/synth_1/.Xil/Vivado-2168-DESKTOP-16DTLPF/realtime/ila_0_stub.v:6]
INFO: [Synth 8-6155] done synthesizing module 'ila_0' (1#1) [D:/VSD_FPGA_WORKSHOP/git_repo/VSD_FPGA_labs/project_files_vivado/project_myth_core_risc_v/project_myth_core_risc_v.runs/synth_1/.Xil/Vivado-2168-DESKTOP-16DTLPF/realtime/ila_0_stub.v:6]
INFO: [Synth 8-6157] synthesizing module 'clk_gate' [D:/VSD_FPGA_WORKSHOP/git_repo/VSD_FPGA_labs/design/Day_3/include/clk_gate.v:33]
INFO: [Synth 8-6155] done synthesizing module 'clk_gate' (2#1) [D:/VSD_FPGA_WORKSHOP/git_repo/VSD_FPGA_labs/design/Day_3/include/clk_gate.v:33]
INFO: [Synth 8-6071] Mark debug on the nets applies keep_hierarchy on instance 'ila_0'. This will prevent further optimization [D:/VSD_FPGA_WORKSHOP/git_repo/VSD_FPGA_labs/design/Day_3/myth_core_test.v:146]
WARNING: [Synth 8-6014] Unused sequential element L1gen_CPU_Xreg[0].CPU_Xreg_value_a5_reg[0] was removed.  [D:/VSD_FPGA_WORKSHOP/git_repo/VSD_FPGA_labs/design/Day_3/myth_core_test.v:840]
WARNING: [Synth 8-6014] Unused sequential element L1gen_CPU_Xreg[1].CPU_Xreg_value_a5_reg[1] was removed.  [D:/VSD_FPGA_WORKSHOP/git_repo/VSD_FPGA_labs/design/Day_3/myth_core_test.v:840]
WARNING: [Synth 8-6014] Unused sequential element L1gen_CPU_Xreg[2].CPU_Xreg_value_a5_reg[2] was removed.  [D:/VSD_FPGA_WORKSHOP/git_repo/VSD_FPGA_labs/design/Day_3/myth_core_test.v:840]
WARNING: [Synth 8-6014] Unused sequential element L1gen_CPU_Xreg[3].CPU_Xreg_value_a5_reg[3] was removed.  [D:/VSD_FPGA_WORKSHOP/git_repo/VSD_FPGA_labs/design/Day_3/myth_core_test.v:840]
WARNING: [Synth 8-6014] Unused sequential element L1gen_CPU_Xreg[4].CPU_Xreg_value_a5_reg[4] was removed.  [D:/VSD_FPGA_WORKSHOP/git_repo/VSD_FPGA_labs/design/Day_3/myth_core_test.v:840]
WARNING: [Synth 8-6014] Unused sequential element L1gen_CPU_Xreg[5].CPU_Xreg_value_a5_reg[5] was removed.  [D:/VSD_FPGA_WORKSHOP/git_repo/VSD_FPGA_labs/design/Day_3/myth_core_test.v:840]
WARNING: [Synth 8-6014] Unused sequential element L1gen_CPU_Xreg[6].CPU_Xreg_value_a5_reg[6] was removed.  [D:/VSD_FPGA_WORKSHOP/git_repo/VSD_FPGA_labs/design/Day_3/myth_core_test.v:840]
WARNING: [Synth 8-6014] Unused sequential element L1gen_CPU_Xreg[7].CPU_Xreg_value_a5_reg[7] was removed.  [D:/VSD_FPGA_WORKSHOP/git_repo/VSD_FPGA_labs/design/Day_3/myth_core_test.v:840]
WARNING: [Synth 8-6014] Unused sequential element L1gen_CPU_Xreg[8].CPU_Xreg_value_a5_reg[8] was removed.  [D:/VSD_FPGA_WORKSHOP/git_repo/VSD_FPGA_labs/design/Day_3/myth_core_test.v:840]
WARNING: [Synth 8-6014] Unused sequential element L1gen_CPU_Xreg[9].CPU_Xreg_value_a5_reg[9] was removed.  [D:/VSD_FPGA_WORKSHOP/git_repo/VSD_FPGA_labs/design/Day_3/myth_core_test.v:840]
WARNING: [Synth 8-6014] Unused sequential element L1gen_CPU_Xreg[10].CPU_Xreg_value_a5_reg[10] was removed.  [D:/VSD_FPGA_WORKSHOP/git_repo/VSD_FPGA_labs/design/Day_3/myth_core_test.v:840]
WARNING: [Synth 8-6014] Unused sequential element L1gen_CPU_Xreg[11].CPU_Xreg_value_a5_reg[11] was removed.  [D:/VSD_FPGA_WORKSHOP/git_repo/VSD_FPGA_labs/design/Day_3/myth_core_test.v:840]
WARNING: [Synth 8-6014] Unused sequential element L1gen_CPU_Xreg[12].CPU_Xreg_value_a5_reg[12] was removed.  [D:/VSD_FPGA_WORKSHOP/git_repo/VSD_FPGA_labs/design/Day_3/myth_core_test.v:840]
WARNING: [Synth 8-6014] Unused sequential element L1gen_CPU_Xreg[13].CPU_Xreg_value_a5_reg[13] was removed.  [D:/VSD_FPGA_WORKSHOP/git_repo/VSD_FPGA_labs/design/Day_3/myth_core_test.v:840]
WARNING: [Synth 8-6014] Unused sequential element L1gen_CPU_Xreg[14].CPU_Xreg_value_a5_reg[14] was removed.  [D:/VSD_FPGA_WORKSHOP/git_repo/VSD_FPGA_labs/design/Day_3/myth_core_test.v:840]
WARNING: [Synth 8-6014] Unused sequential element L1gen_CPU_Xreg[15].CPU_Xreg_value_a5_reg[15] was removed.  [D:/VSD_FPGA_WORKSHOP/git_repo/VSD_FPGA_labs/design/Day_3/myth_core_test.v:840]
WARNING: [Synth 8-6014] Unused sequential element L1gen_CPU_Xreg[16].CPU_Xreg_value_a5_reg[16] was removed.  [D:/VSD_FPGA_WORKSHOP/git_repo/VSD_FPGA_labs/design/Day_3/myth_core_test.v:840]
WARNING: [Synth 8-6014] Unused sequential element L1gen_CPU_Xreg[18].CPU_Xreg_value_a5_reg[18] was removed.  [D:/VSD_FPGA_WORKSHOP/git_repo/VSD_FPGA_labs/design/Day_3/myth_core_test.v:840]
WARNING: [Synth 8-6014] Unused sequential element L1gen_CPU_Xreg[19].CPU_Xreg_value_a5_reg[19] was removed.  [D:/VSD_FPGA_WORKSHOP/git_repo/VSD_FPGA_labs/design/Day_3/myth_core_test.v:840]
WARNING: [Synth 8-6014] Unused sequential element L1gen_CPU_Xreg[20].CPU_Xreg_value_a5_reg[20] was removed.  [D:/VSD_FPGA_WORKSHOP/git_repo/VSD_FPGA_labs/design/Day_3/myth_core_test.v:840]
WARNING: [Synth 8-6014] Unused sequential element L1gen_CPU_Xreg[21].CPU_Xreg_value_a5_reg[21] was removed.  [D:/VSD_FPGA_WORKSHOP/git_repo/VSD_FPGA_labs/design/Day_3/myth_core_test.v:840]
WARNING: [Synth 8-6014] Unused sequential element L1gen_CPU_Xreg[22].CPU_Xreg_value_a5_reg[22] was removed.  [D:/VSD_FPGA_WORKSHOP/git_repo/VSD_FPGA_labs/design/Day_3/myth_core_test.v:840]
WARNING: [Synth 8-6014] Unused sequential element L1gen_CPU_Xreg[23].CPU_Xreg_value_a5_reg[23] was removed.  [D:/VSD_FPGA_WORKSHOP/git_repo/VSD_FPGA_labs/design/Day_3/myth_core_test.v:840]
WARNING: [Synth 8-6014] Unused sequential element L1gen_CPU_Xreg[24].CPU_Xreg_value_a5_reg[24] was removed.  [D:/VSD_FPGA_WORKSHOP/git_repo/VSD_FPGA_labs/design/Day_3/myth_core_test.v:840]
WARNING: [Synth 8-6014] Unused sequential element L1gen_CPU_Xreg[25].CPU_Xreg_value_a5_reg[25] was removed.  [D:/VSD_FPGA_WORKSHOP/git_repo/VSD_FPGA_labs/design/Day_3/myth_core_test.v:840]
WARNING: [Synth 8-6014] Unused sequential element L1gen_CPU_Xreg[26].CPU_Xreg_value_a5_reg[26] was removed.  [D:/VSD_FPGA_WORKSHOP/git_repo/VSD_FPGA_labs/design/Day_3/myth_core_test.v:840]
WARNING: [Synth 8-6014] Unused sequential element L1gen_CPU_Xreg[27].CPU_Xreg_value_a5_reg[27] was removed.  [D:/VSD_FPGA_WORKSHOP/git_repo/VSD_FPGA_labs/design/Day_3/myth_core_test.v:840]
WARNING: [Synth 8-6014] Unused sequential element L1gen_CPU_Xreg[28].CPU_Xreg_value_a5_reg[28] was removed.  [D:/VSD_FPGA_WORKSHOP/git_repo/VSD_FPGA_labs/design/Day_3/myth_core_test.v:840]
WARNING: [Synth 8-6014] Unused sequential element L1gen_CPU_Xreg[29].CPU_Xreg_value_a5_reg[29] was removed.  [D:/VSD_FPGA_WORKSHOP/git_repo/VSD_FPGA_labs/design/Day_3/myth_core_test.v:840]
WARNING: [Synth 8-6014] Unused sequential element L1gen_CPU_Xreg[30].CPU_Xreg_value_a5_reg[30] was removed.  [D:/VSD_FPGA_WORKSHOP/git_repo/VSD_FPGA_labs/design/Day_3/myth_core_test.v:840]
WARNING: [Synth 8-6014] Unused sequential element L1gen_CPU_Xreg[31].CPU_Xreg_value_a5_reg[31] was removed.  [D:/VSD_FPGA_WORKSHOP/git_repo/VSD_FPGA_labs/design/Day_3/myth_core_test.v:840]
WARNING: [Synth 8-6014] Unused sequential element CPU_imem_rd_en_a1_reg was removed.  [D:/VSD_FPGA_WORKSHOP/git_repo/VSD_FPGA_labs/design/Day_3/myth_core_test.v:593]
WARNING: [Synth 8-6014] Unused sequential element CPU_is_beq_a4_reg was removed.  [D:/VSD_FPGA_WORKSHOP/git_repo/VSD_FPGA_labs/design/Day_3/myth_core_test.v:626]
WARNING: [Synth 8-6014] Unused sequential element CPU_is_beq_a5_reg was removed.  [D:/VSD_FPGA_WORKSHOP/git_repo/VSD_FPGA_labs/design/Day_3/myth_core_test.v:627]
WARNING: [Synth 8-6014] Unused sequential element CPU_is_bge_a4_reg was removed.  [D:/VSD_FPGA_WORKSHOP/git_repo/VSD_FPGA_labs/design/Day_3/myth_core_test.v:632]
WARNING: [Synth 8-6014] Unused sequential element CPU_is_bge_a5_reg was removed.  [D:/VSD_FPGA_WORKSHOP/git_repo/VSD_FPGA_labs/design/Day_3/myth_core_test.v:633]
WARNING: [Synth 8-6014] Unused sequential element CPU_is_bgeu_a4_reg was removed.  [D:/VSD_FPGA_WORKSHOP/git_repo/VSD_FPGA_labs/design/Day_3/myth_core_test.v:638]
WARNING: [Synth 8-6014] Unused sequential element CPU_is_bgeu_a5_reg was removed.  [D:/VSD_FPGA_WORKSHOP/git_repo/VSD_FPGA_labs/design/Day_3/myth_core_test.v:639]
WARNING: [Synth 8-6014] Unused sequential element CPU_is_blt_a4_reg was removed.  [D:/VSD_FPGA_WORKSHOP/git_repo/VSD_FPGA_labs/design/Day_3/myth_core_test.v:644]
WARNING: [Synth 8-6014] Unused sequential element CPU_is_blt_a5_reg was removed.  [D:/VSD_FPGA_WORKSHOP/git_repo/VSD_FPGA_labs/design/Day_3/myth_core_test.v:645]
WARNING: [Synth 8-6014] Unused sequential element CPU_is_bltu_a4_reg was removed.  [D:/VSD_FPGA_WORKSHOP/git_repo/VSD_FPGA_labs/design/Day_3/myth_core_test.v:650]
WARNING: [Synth 8-6014] Unused sequential element CPU_is_bltu_a5_reg was removed.  [D:/VSD_FPGA_WORKSHOP/git_repo/VSD_FPGA_labs/design/Day_3/myth_core_test.v:651]
WARNING: [Synth 8-6014] Unused sequential element CPU_is_bne_a4_reg was removed.  [D:/VSD_FPGA_WORKSHOP/git_repo/VSD_FPGA_labs/design/Day_3/myth_core_test.v:656]
WARNING: [Synth 8-6014] Unused sequential element CPU_is_bne_a5_reg was removed.  [D:/VSD_FPGA_WORKSHOP/git_repo/VSD_FPGA_labs/design/Day_3/myth_core_test.v:657]
WARNING: [Synth 8-6014] Unused sequential element CPU_is_sb_a2_reg was removed.  [D:/VSD_FPGA_WORKSHOP/git_repo/VSD_FPGA_labs/design/Day_3/myth_core_test.v:693]
WARNING: [Synth 8-6014] Unused sequential element CPU_is_sb_a3_reg was removed.  [D:/VSD_FPGA_WORKSHOP/git_repo/VSD_FPGA_labs/design/Day_3/myth_core_test.v:694]
WARNING: [Synth 8-6014] Unused sequential element CPU_is_sb_a4_reg was removed.  [D:/VSD_FPGA_WORKSHOP/git_repo/VSD_FPGA_labs/design/Day_3/myth_core_test.v:695]
WARNING: [Synth 8-6014] Unused sequential element CPU_is_sb_a5_reg was removed.  [D:/VSD_FPGA_WORKSHOP/git_repo/VSD_FPGA_labs/design/Day_3/myth_core_test.v:696]
WARNING: [Synth 8-6014] Unused sequential element CPU_is_sh_a2_reg was removed.  [D:/VSD_FPGA_WORKSHOP/git_repo/VSD_FPGA_labs/design/Day_3/myth_core_test.v:699]
WARNING: [Synth 8-6014] Unused sequential element CPU_is_sh_a3_reg was removed.  [D:/VSD_FPGA_WORKSHOP/git_repo/VSD_FPGA_labs/design/Day_3/myth_core_test.v:700]
WARNING: [Synth 8-6014] Unused sequential element CPU_is_sh_a4_reg was removed.  [D:/VSD_FPGA_WORKSHOP/git_repo/VSD_FPGA_labs/design/Day_3/myth_core_test.v:701]
WARNING: [Synth 8-6014] Unused sequential element CPU_is_sh_a5_reg was removed.  [D:/VSD_FPGA_WORKSHOP/git_repo/VSD_FPGA_labs/design/Day_3/myth_core_test.v:702]
WARNING: [Synth 8-6014] Unused sequential element CPU_is_sw_a2_reg was removed.  [D:/VSD_FPGA_WORKSHOP/git_repo/VSD_FPGA_labs/design/Day_3/myth_core_test.v:749]
WARNING: [Synth 8-6014] Unused sequential element CPU_is_sw_a3_reg was removed.  [D:/VSD_FPGA_WORKSHOP/git_repo/VSD_FPGA_labs/design/Day_3/myth_core_test.v:750]
WARNING: [Synth 8-6014] Unused sequential element CPU_is_sw_a4_reg was removed.  [D:/VSD_FPGA_WORKSHOP/git_repo/VSD_FPGA_labs/design/Day_3/myth_core_test.v:751]
WARNING: [Synth 8-6014] Unused sequential element CPU_is_sw_a5_reg was removed.  [D:/VSD_FPGA_WORKSHOP/git_repo/VSD_FPGA_labs/design/Day_3/myth_core_test.v:752]
WARNING: [Synth 8-6014] Unused sequential element CPU_rs1_valid_a2_reg was removed.  [D:/VSD_FPGA_WORKSHOP/git_repo/VSD_FPGA_labs/design/Day_3/myth_core_test.v:794]
WARNING: [Synth 8-6014] Unused sequential element CPU_rs2_valid_a2_reg was removed.  [D:/VSD_FPGA_WORKSHOP/git_repo/VSD_FPGA_labs/design/Day_3/myth_core_test.v:800]
INFO: [Synth 8-6155] done synthesizing module 'core' (3#1) [D:/VSD_FPGA_WORKSHOP/git_repo/VSD_FPGA_labs/design/Day_3/myth_core_test.v:67]
WARNING: [Synth 8-3331] design clk_gate has unconnected port func_en
WARNING: [Synth 8-3331] design clk_gate has unconnected port pwr_en
WARNING: [Synth 8-3331] design clk_gate has unconnected port gating_override
---------------------------------------------------------------------------------
Finished RTL Elaboration : Time (s): cpu = 00:00:05 ; elapsed = 00:00:05 . Memory (MB): peak = 465.805 ; gain = 153.117
---------------------------------------------------------------------------------

Report Check Netlist: 
+------+------------------+-------+---------+-------+------------------+
|      |Item              |Errors |Warnings |Status |Description       |
+------+------------------+-------+---------+-------+------------------+
|1     |multi_driven_nets |      0|        0|Passed |Multi driven nets |
+------+------------------+-------+---------+-------+------------------+
---------------------------------------------------------------------------------
Start Handling Custom Attributes
---------------------------------------------------------------------------------
---------------------------------------------------------------------------------
Finished Handling Custom Attributes : Time (s): cpu = 00:00:05 ; elapsed = 00:00:05 . Memory (MB): peak = 465.805 ; gain = 153.117
---------------------------------------------------------------------------------
---------------------------------------------------------------------------------
Finished RTL Optimization Phase 1 : Time (s): cpu = 00:00:05 ; elapsed = 00:00:05 . Memory (MB): peak = 465.805 ; gain = 153.117
---------------------------------------------------------------------------------
INFO: [Device 21-403] Loading part xc7a35tcpg236-1
INFO: [Project 1-570] Preparing netlist for logic optimization

Processing XDC Constraints
Initializing timing engine
Parsing XDC File [d:/VSD_FPGA_WORKSHOP/git_repo/VSD_FPGA_labs/project_files_vivado/project_myth_core_risc_v/project_myth_core_risc_v.srcs/sources_1/ip/ila_0/ila_0/ila_0_in_context.xdc] for cell 'ila_0'
Finished Parsing XDC File [d:/VSD_FPGA_WORKSHOP/git_repo/VSD_FPGA_labs/project_files_vivado/project_myth_core_risc_v/project_myth_core_risc_v.srcs/sources_1/ip/ila_0/ila_0/ila_0_in_context.xdc] for cell 'ila_0'
Parsing XDC File [D:/VSD_FPGA_WORKSHOP/git_repo/VSD_FPGA_labs/project_files_vivado/project_myth_core_risc_v/project_myth_core_risc_v.srcs/constrs_1/new/constraints.xdc]
Finished Parsing XDC File [D:/VSD_FPGA_WORKSHOP/git_repo/VSD_FPGA_labs/project_files_vivado/project_myth_core_risc_v/project_myth_core_risc_v.srcs/constrs_1/new/constraints.xdc]
INFO: [Project 1-236] Implementation specific constraints were found while reading constraint file [D:/VSD_FPGA_WORKSHOP/git_repo/VSD_FPGA_labs/project_files_vivado/project_myth_core_risc_v/project_myth_core_risc_v.srcs/constrs_1/new/constraints.xdc]. These constraints will be ignored for synthesis but will be used in implementation. Impacted constraints are listed in the file [.Xil/core_propImpl.xdc].
Resolution: To avoid this warning, move constraints listed in [.Xil/core_propImpl.xdc] to another XDC file and exclude this new file from synthesis with the used_in_synthesis property (File Properties dialog in GUI) and re-run elaboration/synthesis.
Completed Processing XDC Constraints

INFO: [Project 1-111] Unisim Transformation Summary:
No Unisim elements were transformed.

Constraint Validation Runtime : Time (s): cpu = 00:00:00 ; elapsed = 00:00:00.006 . Memory (MB): peak = 811.086 ; gain = 0.000
---------------------------------------------------------------------------------
Finished Constraint Validation : Time (s): cpu = 00:00:17 ; elapsed = 00:00:19 . Memory (MB): peak = 811.086 ; gain = 498.398
---------------------------------------------------------------------------------
---------------------------------------------------------------------------------
Start Loading Part and Timing Information
---------------------------------------------------------------------------------
Loading part: xc7a35tcpg236-1
---------------------------------------------------------------------------------
Finished Loading Part and Timing Information : Time (s): cpu = 00:00:17 ; elapsed = 00:00:19 . Memory (MB): peak = 811.086 ; gain = 498.398
---------------------------------------------------------------------------------
---------------------------------------------------------------------------------
Start Applying 'set_property' XDC Constraints
---------------------------------------------------------------------------------
Applied set_property DONT_TOUCH = true for ila_0. (constraint file  auto generated constraint, line ).
---------------------------------------------------------------------------------
Finished applying 'set_property' XDC Constraints : Time (s): cpu = 00:00:17 ; elapsed = 00:00:19 . Memory (MB): peak = 811.086 ; gain = 498.398
---------------------------------------------------------------------------------
WARNING: [Synth 8-3936] Found unconnected internal register 'CPU_imem_rd_addr_a1_reg' and it is trimmed from '32' to '4' bits. [D:/VSD_FPGA_WORKSHOP/git_repo/VSD_FPGA_labs/design/Day_3/myth_core_test.v:590]
INFO: [Synth 8-5545] ROM "out" won't be mapped to RAM because address size (32) is larger than maximum supported(25)
INFO: [Synth 8-5545] ROM "out" won't be mapped to RAM because address size (32) is larger than maximum supported(25)
INFO: [Synth 8-5544] ROM "CPU_Imem_instr_a1" won't be mapped to Block RAM because address size (4) smaller than threshold (5)
---------------------------------------------------------------------------------
Finished RTL Optimization Phase 2 : Time (s): cpu = 00:00:18 ; elapsed = 00:00:21 . Memory (MB): peak = 811.086 ; gain = 498.398
---------------------------------------------------------------------------------

Report RTL Partitions: 
+-+--------------+------------+----------+
| |RTL Partition |Replication |Instances |
+-+--------------+------------+----------+
+-+--------------+------------+----------+
---------------------------------------------------------------------------------
Start RTL Component Statistics 
---------------------------------------------------------------------------------
Detailed RTL Component Info : 
+---Adders : 
	   2 Input     32 Bit       Adders := 9     
+---XORs : 
	   2 Input     32 Bit         XORs := 2     
	   2 Input      1 Bit         XORs := 2     
+---Registers : 
	               32 Bit    Registers := 62    
	                8 Bit    Registers := 1     
	                5 Bit    Registers := 6     
	                4 Bit    Registers := 2     
	                1 Bit    Registers := 79    
+---Muxes : 
	   2 Input     32 Bit        Muxes := 24    
	   2 Input      5 Bit        Muxes := 1     
	   2 Input      1 Bit        Muxes := 7     
---------------------------------------------------------------------------------
Finished RTL Component Statistics 
---------------------------------------------------------------------------------
---------------------------------------------------------------------------------
Start RTL Hierarchical Component Statistics 
---------------------------------------------------------------------------------
Hierarchical RTL Component report 
Module core 
Detailed RTL Component Info : 
+---Adders : 
	   2 Input     32 Bit       Adders := 9     
+---XORs : 
	   2 Input     32 Bit         XORs := 2     
	   2 Input      1 Bit         XORs := 2     
+---Registers : 
	               32 Bit    Registers := 62    
	                8 Bit    Registers := 1     
	                5 Bit    Registers := 6     
	                4 Bit    Registers := 2     
	                1 Bit    Registers := 79    
+---Muxes : 
	   2 Input     32 Bit        Muxes := 24    
	   2 Input      5 Bit        Muxes := 1     
	   2 Input      1 Bit        Muxes := 7     
---------------------------------------------------------------------------------
Finished RTL Hierarchical Component Statistics
---------------------------------------------------------------------------------
---------------------------------------------------------------------------------
Start Part Resource Summary
---------------------------------------------------------------------------------
Part Resources:
DSPs: 90 (col length:60)
BRAMs: 100 (col length: RAMB18 60 RAMB36 30)
---------------------------------------------------------------------------------
Finished Part Resource Summary
---------------------------------------------------------------------------------
---------------------------------------------------------------------------------
Start Cross Boundary and Area Optimization
---------------------------------------------------------------------------------
Warning: Parallel synthesis criteria is not met 
WARNING: [Synth 8-6014] Unused sequential element CPU_rd_valid_a4_reg was removed.  [D:/VSD_FPGA_WORKSHOP/git_repo/VSD_FPGA_labs/design/Day_3/myth_core_test.v:779]
INFO: [Synth 8-5545] ROM "out" won't be mapped to RAM because address size (32) is larger than maximum supported(25)
---------------------------------------------------------------------------------
Finished Cross Boundary and Area Optimization : Time (s): cpu = 00:00:27 ; elapsed = 00:00:30 . Memory (MB): peak = 811.086 ; gain = 498.398
---------------------------------------------------------------------------------

Report RTL Partitions: 
+-+--------------+------------+----------+
| |RTL Partition |Replication |Instances |
+-+--------------+------------+----------+
+-+--------------+------------+----------+
---------------------------------------------------------------------------------
Start Applying XDC Timing Constraints
---------------------------------------------------------------------------------
---------------------------------------------------------------------------------
Finished Applying XDC Timing Constraints : Time (s): cpu = 00:00:38 ; elapsed = 00:00:43 . Memory (MB): peak = 811.086 ; gain = 498.398
---------------------------------------------------------------------------------
---------------------------------------------------------------------------------
Start Timing Optimization
---------------------------------------------------------------------------------
---------------------------------------------------------------------------------
Finished Timing Optimization : Time (s): cpu = 00:00:44 ; elapsed = 00:00:49 . Memory (MB): peak = 923.773 ; gain = 611.086
---------------------------------------------------------------------------------

Report RTL Partitions: 
+-+--------------+------------+----------+
| |RTL Partition |Replication |Instances |
+-+--------------+------------+----------+
+-+--------------+------------+----------+
---------------------------------------------------------------------------------
Start Technology Mapping
---------------------------------------------------------------------------------
WARNING: [Synth 8-3332] Sequential element (CPU_is_jalr_a2_reg) is unused and will be removed from module core.
WARNING: [Synth 8-3332] Sequential element (CPU_is_jalr_a3_reg) is unused and will be removed from module core.
WARNING: [Synth 8-3332] Sequential element (CPU_pc_a3_reg[31]) is unused and will be removed from module core.
WARNING: [Synth 8-3332] Sequential element (CPU_pc_a3_reg[30]) is unused and will be removed from module core.
WARNING: [Synth 8-3332] Sequential element (CPU_pc_a3_reg[29]) is unused and will be removed from module core.
WARNING: [Synth 8-3332] Sequential element (CPU_pc_a3_reg[28]) is unused and will be removed from module core.
WARNING: [Synth 8-3332] Sequential element (CPU_pc_a3_reg[27]) is unused and will be removed from module core.
WARNING: [Synth 8-3332] Sequential element (CPU_pc_a3_reg[26]) is unused and will be removed from module core.
WARNING: [Synth 8-3332] Sequential element (CPU_pc_a3_reg[25]) is unused and will be removed from module core.
WARNING: [Synth 8-3332] Sequential element (CPU_pc_a3_reg[24]) is unused and will be removed from module core.
WARNING: [Synth 8-3332] Sequential element (CPU_pc_a3_reg[23]) is unused and will be removed from module core.
WARNING: [Synth 8-3332] Sequential element (CPU_pc_a3_reg[22]) is unused and will be removed from module core.
WARNING: [Synth 8-3332] Sequential element (CPU_pc_a3_reg[21]) is unused and will be removed from module core.
WARNING: [Synth 8-3332] Sequential element (CPU_pc_a3_reg[20]) is unused and will be removed from module core.
WARNING: [Synth 8-3332] Sequential element (CPU_pc_a3_reg[19]) is unused and will be removed from module core.
WARNING: [Synth 8-3332] Sequential element (CPU_pc_a3_reg[18]) is unused and will be removed from module core.
WARNING: [Synth 8-3332] Sequential element (CPU_pc_a3_reg[17]) is unused and will be removed from module core.
WARNING: [Synth 8-3332] Sequential element (CPU_pc_a3_reg[16]) is unused and will be removed from module core.
WARNING: [Synth 8-3332] Sequential element (CPU_pc_a3_reg[15]) is unused and will be removed from module core.
WARNING: [Synth 8-3332] Sequential element (CPU_pc_a3_reg[14]) is unused and will be removed from module core.
WARNING: [Synth 8-3332] Sequential element (CPU_pc_a3_reg[13]) is unused and will be removed from module core.
WARNING: [Synth 8-3332] Sequential element (CPU_pc_a3_reg[12]) is unused and will be removed from module core.
WARNING: [Synth 8-3332] Sequential element (CPU_pc_a3_reg[11]) is unused and will be removed from module core.
WARNING: [Synth 8-3332] Sequential element (CPU_pc_a3_reg[10]) is unused and will be removed from module core.
WARNING: [Synth 8-3332] Sequential element (CPU_pc_a3_reg[9]) is unused and will be removed from module core.
WARNING: [Synth 8-3332] Sequential element (CPU_pc_a3_reg[8]) is unused and will be removed from module core.
WARNING: [Synth 8-3332] Sequential element (CPU_pc_a3_reg[7]) is unused and will be removed from module core.
WARNING: [Synth 8-3332] Sequential element (CPU_pc_a3_reg[6]) is unused and will be removed from module core.
WARNING: [Synth 8-3332] Sequential element (CPU_pc_a3_reg[5]) is unused and will be removed from module core.
WARNING: [Synth 8-3332] Sequential element (CPU_pc_a3_reg[4]) is unused and will be removed from module core.
WARNING: [Synth 8-3332] Sequential element (CPU_pc_a3_reg[3]) is unused and will be removed from module core.
WARNING: [Synth 8-3332] Sequential element (CPU_pc_a3_reg[2]) is unused and will be removed from module core.
WARNING: [Synth 8-3332] Sequential element (CPU_pc_a3_reg[1]) is unused and will be removed from module core.
WARNING: [Synth 8-3332] Sequential element (CPU_pc_a3_reg[0]) is unused and will be removed from module core.
WARNING: [Synth 8-3332] Sequential element (CPU_is_jal_a2_reg) is unused and will be removed from module core.
WARNING: [Synth 8-3332] Sequential element (CPU_is_jal_a3_reg) is unused and will be removed from module core.
WARNING: [Synth 8-3332] Sequential element (CPU_is_auipc_a2_reg) is unused and will be removed from module core.
WARNING: [Synth 8-3332] Sequential element (CPU_is_auipc_a3_reg) is unused and will be removed from module core.
WARNING: [Synth 8-3332] Sequential element (CPU_is_lui_a2_reg) is unused and will be removed from module core.
WARNING: [Synth 8-3332] Sequential element (CPU_is_lui_a3_reg) is unused and will be removed from module core.
WARNING: [Synth 8-3332] Sequential element (CPU_is_sra_a2_reg) is unused and will be removed from module core.
WARNING: [Synth 8-3332] Sequential element (CPU_is_sra_a3_reg) is unused and will be removed from module core.
WARNING: [Synth 8-3332] Sequential element (CPU_is_srl_a3_reg) is unused and will be removed from module core.
WARNING: [Synth 8-3332] Sequential element (CPU_is_sltu_a3_reg) is unused and will be removed from module core.
WARNING: [Synth 8-3332] Sequential element (CPU_is_sll_a3_reg) is unused and will be removed from module core.
WARNING: [Synth 8-3332] Sequential element (CPU_is_srai_a2_reg) is unused and will be removed from module core.
WARNING: [Synth 8-3332] Sequential element (CPU_is_srai_a3_reg) is unused and will be removed from module core.
WARNING: [Synth 8-3332] Sequential element (CPU_is_srli_a2_reg) is unused and will be removed from module core.
WARNING: [Synth 8-3332] Sequential element (CPU_is_srli_a3_reg) is unused and will be removed from module core.
WARNING: [Synth 8-3332] Sequential element (CPU_is_slli_a2_reg) is unused and will be removed from module core.
WARNING: [Synth 8-3332] Sequential element (CPU_is_slli_a3_reg) is unused and will be removed from module core.
WARNING: [Synth 8-3332] Sequential element (CPU_is_and_a3_reg) is unused and will be removed from module core.
WARNING: [Synth 8-3332] Sequential element (CPU_rs1_a2_reg[4]) is unused and will be removed from module core.
WARNING: [Synth 8-3332] Sequential element (CPU_jalr_tgt_pc_a3_reg[31]) is unused and will be removed from module core.
WARNING: [Synth 8-3332] Sequential element (CPU_jalr_tgt_pc_a3_reg[30]) is unused and will be removed from module core.
WARNING: [Synth 8-3332] Sequential element (CPU_jalr_tgt_pc_a3_reg[29]) is unused and will be removed from module core.
WARNING: [Synth 8-3332] Sequential element (CPU_jalr_tgt_pc_a3_reg[28]) is unused and will be removed from module core.
WARNING: [Synth 8-3332] Sequential element (CPU_jalr_tgt_pc_a3_reg[27]) is unused and will be removed from module core.
WARNING: [Synth 8-3332] Sequential element (CPU_jalr_tgt_pc_a3_reg[26]) is unused and will be removed from module core.
WARNING: [Synth 8-3332] Sequential element (CPU_jalr_tgt_pc_a3_reg[25]) is unused and will be removed from module core.
WARNING: [Synth 8-3332] Sequential element (CPU_jalr_tgt_pc_a3_reg[24]) is unused and will be removed from module core.
WARNING: [Synth 8-3332] Sequential element (CPU_jalr_tgt_pc_a3_reg[23]) is unused and will be removed from module core.
WARNING: [Synth 8-3332] Sequential element (CPU_jalr_tgt_pc_a3_reg[22]) is unused and will be removed from module core.
WARNING: [Synth 8-3332] Sequential element (CPU_jalr_tgt_pc_a3_reg[21]) is unused and will be removed from module core.
WARNING: [Synth 8-3332] Sequential element (CPU_jalr_tgt_pc_a3_reg[20]) is unused and will be removed from module core.
WARNING: [Synth 8-3332] Sequential element (CPU_jalr_tgt_pc_a3_reg[19]) is unused and will be removed from module core.
WARNING: [Synth 8-3332] Sequential element (CPU_jalr_tgt_pc_a3_reg[18]) is unused and will be removed from module core.
WARNING: [Synth 8-3332] Sequential element (CPU_jalr_tgt_pc_a3_reg[17]) is unused and will be removed from module core.
WARNING: [Synth 8-3332] Sequential element (CPU_jalr_tgt_pc_a3_reg[16]) is unused and will be removed from module core.
WARNING: [Synth 8-3332] Sequential element (CPU_jalr_tgt_pc_a3_reg[15]) is unused and will be removed from module core.
WARNING: [Synth 8-3332] Sequential element (CPU_jalr_tgt_pc_a3_reg[14]) is unused and will be removed from module core.
WARNING: [Synth 8-3332] Sequential element (CPU_jalr_tgt_pc_a3_reg[13]) is unused and will be removed from module core.
WARNING: [Synth 8-3332] Sequential element (CPU_jalr_tgt_pc_a3_reg[12]) is unused and will be removed from module core.
WARNING: [Synth 8-3332] Sequential element (CPU_jalr_tgt_pc_a3_reg[11]) is unused and will be removed from module core.
WARNING: [Synth 8-3332] Sequential element (CPU_jalr_tgt_pc_a3_reg[10]) is unused and will be removed from module core.
WARNING: [Synth 8-3332] Sequential element (CPU_jalr_tgt_pc_a3_reg[9]) is unused and will be removed from module core.
WARNING: [Synth 8-3332] Sequential element (CPU_jalr_tgt_pc_a3_reg[8]) is unused and will be removed from module core.
WARNING: [Synth 8-3332] Sequential element (CPU_jalr_tgt_pc_a3_reg[7]) is unused and will be removed from module core.
WARNING: [Synth 8-3332] Sequential element (CPU_jalr_tgt_pc_a3_reg[6]) is unused and will be removed from module core.
WARNING: [Synth 8-3332] Sequential element (CPU_jalr_tgt_pc_a3_reg[5]) is unused and will be removed from module core.
WARNING: [Synth 8-3332] Sequential element (CPU_jalr_tgt_pc_a3_reg[4]) is unused and will be removed from module core.
WARNING: [Synth 8-3332] Sequential element (CPU_jalr_tgt_pc_a3_reg[3]) is unused and will be removed from module core.
WARNING: [Synth 8-3332] Sequential element (CPU_jalr_tgt_pc_a3_reg[2]) is unused and will be removed from module core.
WARNING: [Synth 8-3332] Sequential element (CPU_jalr_tgt_pc_a3_reg[1]) is unused and will be removed from module core.
WARNING: [Synth 8-3332] Sequential element (CPU_jalr_tgt_pc_a3_reg[0]) is unused and will be removed from module core.
WARNING: [Synth 8-3332] Sequential element (CPU_is_jump_a2_reg) is unused and will be removed from module core.
WARNING: [Synth 8-3332] Sequential element (CPU_is_jump_a3_reg) is unused and will be removed from module core.
WARNING: [Synth 8-3332] Sequential element (CPU_valid_jump_a4_reg) is unused and will be removed from module core.
WARNING: [Synth 8-3332] Sequential element (CPU_valid_jump_a5_reg) is unused and will be removed from module core.
WARNING: [Synth 8-3332] Sequential element (CPU_is_sltu_a2_reg) is unused and will be removed from module core.
WARNING: [Synth 8-3332] Sequential element (CPU_is_sll_a2_reg) is unused and will be removed from module core.
WARNING: [Synth 8-3332] Sequential element (CPU_is_srl_a2_reg) is unused and will be removed from module core.
WARNING: [Synth 8-3332] Sequential element (CPU_is_and_a2_reg) is unused and will be removed from module core.
WARNING: [Synth 8-3332] Sequential element (CPU_is_slti_a3_reg) is unused and will be removed from module core.
WARNING: [Synth 8-3332] Sequential element (CPU_is_ori_a3_reg) is unused and will be removed from module core.
WARNING: [Synth 8-3332] Sequential element (CPU_is_slti_a2_reg) is unused and will be removed from module core.
WARNING: [Synth 8-3332] Sequential element (CPU_is_ori_a2_reg) is unused and will be removed from module core.
---------------------------------------------------------------------------------
Finished Technology Mapping : Time (s): cpu = 00:00:46 ; elapsed = 00:00:51 . Memory (MB): peak = 923.773 ; gain = 611.086
---------------------------------------------------------------------------------

Report RTL Partitions: 
+-+--------------+------------+----------+
| |RTL Partition |Replication |Instances |
+-+--------------+------------+----------+
+-+--------------+------------+----------+
---------------------------------------------------------------------------------
Start IO Insertion
---------------------------------------------------------------------------------
---------------------------------------------------------------------------------
Start Flattening Before IO Insertion
---------------------------------------------------------------------------------
---------------------------------------------------------------------------------
Finished Flattening Before IO Insertion
---------------------------------------------------------------------------------
---------------------------------------------------------------------------------
Start Final Netlist Cleanup
---------------------------------------------------------------------------------
---------------------------------------------------------------------------------
Finished Final Netlist Cleanup
---------------------------------------------------------------------------------
---------------------------------------------------------------------------------
Finished IO Insertion : Time (s): cpu = 00:00:47 ; elapsed = 00:00:52 . Memory (MB): peak = 923.773 ; gain = 611.086
---------------------------------------------------------------------------------

Report Check Netlist: 
+------+------------------+-------+---------+-------+------------------+
|      |Item              |Errors |Warnings |Status |Description       |
+------+------------------+-------+---------+-------+------------------+
|1     |multi_driven_nets |      0|        0|Passed |Multi driven nets |
+------+------------------+-------+---------+-------+------------------+
---------------------------------------------------------------------------------
Start Renaming Generated Instances
---------------------------------------------------------------------------------
---------------------------------------------------------------------------------
Finished Renaming Generated Instances : Time (s): cpu = 00:00:47 ; elapsed = 00:00:52 . Memory (MB): peak = 923.773 ; gain = 611.086
---------------------------------------------------------------------------------

Report RTL Partitions: 
+-+--------------+------------+----------+
| |RTL Partition |Replication |Instances |
+-+--------------+------------+----------+
+-+--------------+------------+----------+
---------------------------------------------------------------------------------
Start Rebuilding User Hierarchy
---------------------------------------------------------------------------------
---------------------------------------------------------------------------------
Finished Rebuilding User Hierarchy : Time (s): cpu = 00:00:48 ; elapsed = 00:00:53 . Memory (MB): peak = 923.773 ; gain = 611.086
---------------------------------------------------------------------------------
---------------------------------------------------------------------------------
Start Renaming Generated Ports
---------------------------------------------------------------------------------
---------------------------------------------------------------------------------
Finished Renaming Generated Ports : Time (s): cpu = 00:00:48 ; elapsed = 00:00:53 . Memory (MB): peak = 923.773 ; gain = 611.086
---------------------------------------------------------------------------------
---------------------------------------------------------------------------------
Start Handling Custom Attributes
---------------------------------------------------------------------------------
---------------------------------------------------------------------------------
Finished Handling Custom Attributes : Time (s): cpu = 00:00:48 ; elapsed = 00:00:53 . Memory (MB): peak = 923.773 ; gain = 611.086
---------------------------------------------------------------------------------
---------------------------------------------------------------------------------
Start Renaming Generated Nets
---------------------------------------------------------------------------------
---------------------------------------------------------------------------------
Finished Renaming Generated Nets : Time (s): cpu = 00:00:48 ; elapsed = 00:00:53 . Memory (MB): peak = 923.773 ; gain = 611.086
---------------------------------------------------------------------------------
---------------------------------------------------------------------------------
Start ROM, RAM, DSP and Shift Register Reporting
---------------------------------------------------------------------------------

Static Shift Register Report:
+------------+-----------------------+--------+-------+--------------+--------------------+-------------------+--------+---------+
|Module Name | RTL Name              | Length | Width | Reset Signal | Pull out first Reg | Pull out last Reg | SRL16E | SRLC32E | 
+------------+-----------------------+--------+-------+--------------+--------------------+-------------------+--------+---------+
|core        | CPU_is_s_instr_a4_reg | 3      | 1     | NO           | NO                 | YES               | 1      | 0       | 
+------------+-----------------------+--------+-------+--------------+--------------------+-------------------+--------+---------+

---------------------------------------------------------------------------------
Finished ROM, RAM, DSP and Shift Register Reporting
---------------------------------------------------------------------------------
---------------------------------------------------------------------------------
Start Writing Synthesis Report
---------------------------------------------------------------------------------

Report BlackBoxes: 
+------+--------------+----------+
|      |BlackBox name |Instances |
+------+--------------+----------+
|1     |ila_0         |         1|
+------+--------------+----------+

Report Cell Usage: 
+------+-------+------+
|      |Cell   |Count |
+------+-------+------+
|1     |ila_0  |     1|
|2     |BUFG   |     1|
|3     |CARRY4 |    62|
|4     |LUT1   |    33|
|5     |LUT2   |   136|
|6     |LUT3   |     4|
|7     |LUT4   |   148|
|8     |LUT5   |   101|
|9     |LUT6   |   723|
|10    |MUXF7  |   256|
|11    |MUXF8  |    96|
|12    |SRL16E |     1|
|13    |FDRE   |  1899|
|14    |FDSE   |   112|
|15    |IBUF   |     2|
+------+-------+------+

Report Instance Areas: 
+------+---------+-------+------+
|      |Instance |Module |Cells |
+------+---------+-------+------+
|1     |top      |       |  3574|
+------+---------+-------+------+
---------------------------------------------------------------------------------
Finished Writing Synthesis Report : Time (s): cpu = 00:00:48 ; elapsed = 00:00:53 . Memory (MB): peak = 923.773 ; gain = 611.086
---------------------------------------------------------------------------------
Synthesis finished with 0 errors, 0 critical warnings and 99 warnings.
Synthesis Optimization Runtime : Time (s): cpu = 00:00:34 ; elapsed = 00:00:43 . Memory (MB): peak = 923.773 ; gain = 265.805
Synthesis Optimization Complete : Time (s): cpu = 00:00:48 ; elapsed = 00:00:53 . Memory (MB): peak = 923.773 ; gain = 611.086
INFO: [Project 1-571] Translating synthesized netlist
INFO: [Netlist 29-17] Analyzing 416 Unisim elements for replacement
INFO: [Netlist 29-28] Unisim Transformation completed in 0 CPU seconds
WARNING: [Netlist 29-101] Netlist 'core' is not ideal for floorplanning, since the cellview 'core' contains a large number of primitives.  Please consider enabling hierarchy in synthesis if you want to do floorplanning.
INFO: [Project 1-570] Preparing netlist for logic optimization
INFO: [Opt 31-138] Pushed 0 inverter(s) to 0 load pin(s).
INFO: [Project 1-111] Unisim Transformation Summary:
No Unisim elements were transformed.

INFO: [Common 17-83] Releasing license: Synthesis
23 Infos, 162 Warnings, 0 Critical Warnings and 0 Errors encountered.
synth_design completed successfully
synth_design: Time (s): cpu = 00:00:51 ; elapsed = 00:00:56 . Memory (MB): peak = 923.773 ; gain = 612.812
WARNING: [Constraints 18-5210] No constraint will be written out.
INFO: [Common 17-1381] The checkpoint 'D:/VSD_FPGA_WORKSHOP/git_repo/VSD_FPGA_labs/project_files_vivado/project_myth_core_risc_v/project_myth_core_risc_v.runs/synth_1/core.dcp' has been generated.
INFO: [runtcl-4] Executing : report_utilization -file core_utilization_synth.rpt -pb core_utilization_synth.pb
report_utilization: Time (s): cpu = 00:00:00 ; elapsed = 00:00:00.070 . Memory (MB): peak = 923.773 ; gain = 0.000
INFO: [Common 17-206] Exiting Vivado at Mon May 25 21:52:50 2026...
